Info: CustomCategory:implementao_de_mudanas_no_pmaq: 8 mini seconds publishing element
Info: CustomCategory:atividades: 4 mini seconds publishing element
Info: Discipline:aceitao_pelo_cliente: 7 mini seconds publishing element
Info: Task:apresentar_na_reunio: 8 mini seconds publishing element
Info: Task:avaliar_o_produto_entregue: 6 mini seconds publishing element
Info: Task:elaborao_de_documento_de_registro_de_mudanas: 6 mini seconds publishing element
Info: Task:enviar_as_mudanas_para_o_ambiente_de_homologao: 12 mini seconds publishing element
Info: Discipline:avaliao_dos_itens_feitos: 5 mini seconds publishing element
Info: Task:avaliar_se_o_que_foi_feito_est_de_acordo_com_o_critrio_de_aceitao: 5 mini seconds publishing element
Info: Task:obter_acordo_quanto_aos_itens_feitos: 5 mini seconds publishing element
Info: Task:teste_de_integrao_dos_itens_de_ao: 6 mini seconds publishing element
Info: Task:trocar_informao_sobre_o_progresso_tcnico: 5 mini seconds publishing element
Info: Discipline:preparao_da_pauta: 5 mini seconds publishing element
Info: Task:atribuir_itens_de_ao: 5 mini seconds publishing element
Info: Task:definir_critrios_de_aceitao: 5 mini seconds publishing element
Info: Task:definir_itens_de_ao: 10 mini seconds publishing element
Info: Task:definir_observaes: 6 mini seconds publishing element
Info: Task:estabelecer_as_necessidades: 6 mini seconds publishing element
Info: Task:revisar_itens_de_ao: 6 mini seconds publishing element
Info: Discipline:realizao_dos_itens_de_ao: 10 mini seconds publishing element
Info: Task:desenvolver_o_item_de_ao: 6 mini seconds publishing element
Info: Task:elaborar_documentao_de_apoio: 10 mini seconds publishing element
Info: Task:trocar_informao_sobre_o_progresso_tcnico: 5 mini seconds publishing element
Info: CustomCategory:papis: 4 mini seconds publishing element
Info: Role:consultor: 13 mini seconds publishing element
Info: Role:desenvolvedor_pmaq: 17 mini seconds publishing element
Info: Role:gerente_de_projeto: 18 mini seconds publishing element
Info: CustomCategory:tarefas: 5 mini seconds publishing element
Info: Role:consultor: 19 mini seconds publishing element
Info: Role:desenvolvedor_pmaq: 32 mini seconds publishing element
Info: Role:gerente_de_projeto: 29 mini seconds publishing element
Info: Role:gerente_de_projeto: 26 mini seconds publishing element
Info: Role:consultor: 20 mini seconds publishing element
Info: Role:desenvolvedor_pmaq: 21 mini seconds publishing element
Info: Role:gerente_de_projeto: 21 mini seconds publishing element
Info: : Publishing time: 0 minutes 1 seconds
