Warning: DeliveryProcess:PaPMAQ: missing resource file './../../papmaq/deliveryprocesses/Itera&ccedil;&atilde;o 1_BF6A5972.html'
Warning: DeliveryProcess:PaPMAQ: missing resource file './../../papmaq/deliveryprocesses/Itera&ccedil;&atilde;o 1_BF6A5972.html'
Warning: Iteration:Iteração 1: missing resource file './../../papmaq/deliveryprocesses/resources/Itera&ccedil;&atilde;o 1_BF6A5972_Activity.jpeg'
Warning: Iteration:Iteração 1: missing resource file './../../papmaq/deliveryprocesses/Aceita&ccedil;&atilde;o pelo Cliente_8893BFFE.html'
Warning: Iteration:Iteração 1: missing resource file './../../papmaq/deliveryprocesses/Avalia&ccedil;&atilde;o dos Itens Feitos_B5D7E98A.html'
Warning: Iteration:Iteração 1: missing resource file './../../papmaq/deliveryprocesses/Prepara&ccedil;&atilde;o da Pauta_39348922.html'
Warning: Iteration:Iteração 1: missing resource file './../../papmaq/deliveryprocesses/Realiza&ccedil;&atilde;o dos Itens de A&ccedil;&atilde;o_5765763.html'
Warning: Iteration:Iteração 1: missing resource file './../../papmaq/deliveryprocesses/resources/Itera&ccedil;&atilde;o 1_BF6A5972_Activity.jpeg'
Warning: Iteration:Iteração 1: missing resource file './../../papmaq/deliveryprocesses/Aceita&ccedil;&atilde;o pelo Cliente_8893BFFE.html'
Warning: Iteration:Iteração 1: missing resource file './../../papmaq/deliveryprocesses/Avalia&ccedil;&atilde;o dos Itens Feitos_B5D7E98A.html'
Warning: Iteration:Iteração 1: missing resource file './../../papmaq/deliveryprocesses/Prepara&ccedil;&atilde;o da Pauta_39348922.html'
Warning: Iteration:Iteração 1: missing resource file './../../papmaq/deliveryprocesses/Realiza&ccedil;&atilde;o dos Itens de A&ccedil;&atilde;o_5765763.html'
Warning: Activity:Aceitação pelo Cliente: missing resource file './../../papmaq/deliveryprocesses/resources/Aceita&ccedil;&atilde;o pelo Cliente_8893BFFE_Activity.jpeg'
Warning: Activity:Aceitação pelo Cliente: missing resource file './../../papmaq/deliveryprocesses/resources/Aceita&ccedil;&atilde;o pelo Cliente_8893BFFE_ActivityDetail.jpeg'
Warning: Activity:Aceitação pelo Cliente: missing resource file './../../papmaq/deliveryprocesses/Itera&ccedil;&atilde;o 1_BF6A5972.html'
Warning: Activity:Aceitação pelo Cliente: missing resource file './../../papmaq/deliveryprocesses/resources/Aceita&ccedil;&atilde;o pelo Cliente_8893BFFE_Activity.jpeg'
Warning: Activity:Aceitação pelo Cliente: missing resource file './../../papmaq/deliveryprocesses/resources/Aceita&ccedil;&atilde;o pelo Cliente_8893BFFE_ActivityDetail.jpeg'
Warning: Activity:Avaliação dos Itens Feitos: missing resource file './../../papmaq/deliveryprocesses/resources/Avalia&ccedil;&atilde;o dos Itens Feitos_B5D7E98A_Activity.jpeg'
Warning: Activity:Avaliação dos Itens Feitos: missing resource file './../../papmaq/deliveryprocesses/resources/Avalia&ccedil;&atilde;o dos Itens Feitos_B5D7E98A_ActivityDetail.jpeg'
Warning: Activity:Avaliação dos Itens Feitos: missing resource file './../../papmaq/deliveryprocesses/Itera&ccedil;&atilde;o 1_BF6A5972.html'
Warning: Activity:Avaliação dos Itens Feitos: missing resource file './../../papmaq/deliveryprocesses/resources/Avalia&ccedil;&atilde;o dos Itens Feitos_B5D7E98A_Activity.jpeg'
Warning: Activity:Avaliação dos Itens Feitos: missing resource file './../../papmaq/deliveryprocesses/resources/Avalia&ccedil;&atilde;o dos Itens Feitos_B5D7E98A_ActivityDetail.jpeg'
Warning: Activity:Preparação da Pauta: missing resource file './../../papmaq/deliveryprocesses/resources/Prepara&ccedil;&atilde;o da Pauta_39348922_Activity.jpeg'
Warning: Activity:Preparação da Pauta: missing resource file './../../papmaq/deliveryprocesses/resources/Prepara&ccedil;&atilde;o da Pauta_39348922_ActivityDetail.jpeg'
Warning: Activity:Preparação da Pauta: missing resource file './../../papmaq/deliveryprocesses/Itera&ccedil;&atilde;o 1_BF6A5972.html'
Warning: Activity:Preparação da Pauta: missing resource file './../../papmaq/deliveryprocesses/resources/Prepara&ccedil;&atilde;o da Pauta_39348922_Activity.jpeg'
Warning: Activity:Preparação da Pauta: missing resource file './../../papmaq/deliveryprocesses/resources/Prepara&ccedil;&atilde;o da Pauta_39348922_ActivityDetail.jpeg'
Warning: Activity:Realização dos Itens de Ação: missing resource file './../../papmaq/deliveryprocesses/resources/Realiza&ccedil;&atilde;o dos Itens de A&ccedil;&atilde;o_5765763_Activity.jpeg'
Warning: Activity:Realização dos Itens de Ação: missing resource file './../../papmaq/deliveryprocesses/resources/Realiza&ccedil;&atilde;o dos Itens de A&ccedil;&atilde;o_5765763_ActivityDetail.jpeg'
Warning: Activity:Realização dos Itens de Ação: missing resource file './../../papmaq/deliveryprocesses/Itera&ccedil;&atilde;o 1_BF6A5972.html'
Warning: Activity:Realização dos Itens de Ação: missing resource file './../../papmaq/deliveryprocesses/resources/Realiza&ccedil;&atilde;o dos Itens de A&ccedil;&atilde;o_5765763_Activity.jpeg'
Warning: Activity:Realização dos Itens de Ação: missing resource file './../../papmaq/deliveryprocesses/resources/Realiza&ccedil;&atilde;o dos Itens de A&ccedil;&atilde;o_5765763_ActivityDetail.jpeg'
